<?xml version="1.0" encoding="UTF-8"?>
<testng-results skipped="0" failed="0" ignored="0" total="1" passed="1">
  <reporter-output>
  </reporter-output>
  <suite name="Default suite" duration-ms="68" started-at="2019-09-03T20:34:48 IST" finished-at="2019-09-03T20:34:48 IST">
    <groups>
    </groups>
    <test name="Default test" duration-ms="68" started-at="2019-09-03T20:34:48 IST" finished-at="2019-09-03T20:34:48 IST">
      <class name="com.crm.qa.base.TestBase">
        <test-method status="PASS" signature="newTest()[pri:0, instance:com.crm.qa.base.TestBase@23e028a9]" name="newTest" is-config="true" duration-ms="10" started-at="2019-09-03T20:34:48 IST" finished-at="2019-09-03T20:34:48 IST">
          <reporter-output>
          </reporter-output>
        </test-method> <!-- newTest -->
        <test-method status="PASS" signature="newTest1()[pri:0, instance:com.crm.qa.base.TestBase@23e028a9]" name="newTest1" duration-ms="7" started-at="2019-09-03T20:34:48 IST" finished-at="2019-09-03T20:34:48 IST">
          <reporter-output>
          </reporter-output>
        </test-method> <!-- newTest1 -->
        <test-method status="PASS" signature="newTest2()[pri:0, instance:com.crm.qa.base.TestBase@23e028a9]" name="newTest2" is-config="true" duration-ms="1" started-at="2019-09-03T20:34:48 IST" finished-at="2019-09-03T20:34:48 IST">
          <reporter-output>
          </reporter-output>
        </test-method> <!-- newTest2 -->
      </class> <!-- com.crm.qa.base.TestBase -->
    </test> <!-- Default test -->
  </suite> <!-- Default suite -->
</testng-results>
